<?xml version="1.0" encoding="UTF-8"?>
<coverage generated="1638768438130" clover="3.2.0">
  <project timestamp="1638768438130" name="All files">
    <metrics statements="198" coveredstatements="186" conditionals="80" coveredconditionals="65" methods="29" coveredmethods="24" elements="307" coveredelements="275" complexity="0" loc="198" ncloc="198" packages="4" files="5" classes="5"/>
    <package name="src">
      <metrics statements="2" coveredstatements="2" conditionals="0" coveredconditionals="0" methods="0" coveredmethods="0"/>
      <file name="config.ts" path="/Users/shenchaoran/Workspace/tencent/dynamic-framework/devtools-debug-server/src/config.ts">
        <metrics statements="2" coveredstatements="2" conditionals="0" coveredconditionals="0" methods="0" coveredmethods="0"/>
        <line num="1" count="1" type="stmt"/>
        <line num="3" count="1" type="stmt"/>
      </file>
    </package>
    <package name="src.@types">
      <metrics statements="39" coveredstatements="39" conditionals="18" coveredconditionals="18" methods="9" coveredmethods="9"/>
      <file name="enum.ts" path="/Users/shenchaoran/Workspace/tencent/dynamic-framework/devtools-debug-server/src/@types/enum.ts">
        <metrics statements="39" coveredstatements="39" conditionals="18" coveredconditionals="18" methods="9" coveredmethods="9"/>
        <line num="19" count="1" type="stmt"/>
        <line num="40" count="1" type="cond" truecount="2" falsecount="0"/>
        <line num="41" count="1" type="stmt"/>
        <line num="42" count="1" type="stmt"/>
        <line num="43" count="1" type="stmt"/>
        <line num="60" count="1" type="cond" truecount="2" falsecount="0"/>
        <line num="61" count="1" type="stmt"/>
        <line num="62" count="1" type="stmt"/>
        <line num="63" count="1" type="stmt"/>
        <line num="64" count="1" type="stmt"/>
        <line num="67" count="1" type="cond" truecount="2" falsecount="0"/>
        <line num="68" count="1" type="stmt"/>
        <line num="69" count="1" type="stmt"/>
        <line num="70" count="1" type="stmt"/>
        <line num="71" count="1" type="stmt"/>
        <line num="72" count="1" type="stmt"/>
        <line num="75" count="1" type="cond" truecount="2" falsecount="0"/>
        <line num="76" count="1" type="stmt"/>
        <line num="77" count="1" type="stmt"/>
        <line num="90" count="1" type="cond" truecount="2" falsecount="0"/>
        <line num="91" count="1" type="stmt"/>
        <line num="92" count="1" type="stmt"/>
        <line num="95" count="1" type="cond" truecount="2" falsecount="0"/>
        <line num="96" count="1" type="stmt"/>
        <line num="97" count="1" type="stmt"/>
        <line num="100" count="1" type="cond" truecount="2" falsecount="0"/>
        <line num="101" count="1" type="stmt"/>
        <line num="102" count="1" type="stmt"/>
        <line num="103" count="1" type="stmt"/>
        <line num="104" count="1" type="stmt"/>
        <line num="105" count="1" type="stmt"/>
        <line num="106" count="1" type="stmt"/>
        <line num="107" count="1" type="stmt"/>
        <line num="110" count="1" type="cond" truecount="2" falsecount="0"/>
        <line num="111" count="1" type="stmt"/>
        <line num="114" count="1" type="cond" truecount="2" falsecount="0"/>
        <line num="115" count="1" type="stmt"/>
        <line num="116" count="1" type="stmt"/>
        <line num="117" count="1" type="stmt"/>
      </file>
    </package>
    <package name="src.middlewares.ios.adapter">
      <metrics statements="139" coveredstatements="133" conditionals="59" coveredconditionals="46" methods="13" coveredmethods="13"/>
      <file name="heap-adapter.ts" path="/Users/shenchaoran/Workspace/tencent/dynamic-framework/devtools-debug-server/src/middlewares/ios/adapter/heap-adapter.ts">
        <metrics statements="61" coveredstatements="61" conditionals="12" coveredconditionals="12" methods="2" coveredmethods="2"/>
        <line num="10" count="1" type="stmt"/>
        <line num="11" count="1" type="stmt"/>
        <line num="12" count="1" type="stmt"/>
        <line num="13" count="1" type="stmt"/>
        <line num="14" count="1" type="stmt"/>
        <line num="15" count="1" type="stmt"/>
        <line num="16" count="1" type="stmt"/>
        <line num="17" count="1" type="stmt"/>
        <line num="18" count="1" type="stmt"/>
        <line num="22" count="1" type="stmt"/>
        <line num="24" count="1" type="stmt"/>
        <line num="25" count="1" type="stmt"/>
        <line num="26" count="1" type="stmt"/>
        <line num="27" count="1" type="stmt"/>
        <line num="28" count="1" type="stmt"/>
        <line num="29" count="1" type="stmt"/>
        <line num="36" count="1" type="stmt"/>
        <line num="39" count="1" type="stmt"/>
        <line num="41" count="1" type="stmt"/>
        <line num="42" count="1" type="stmt"/>
        <line num="43" count="1" type="stmt"/>
        <line num="44" count="1" type="stmt"/>
        <line num="45" count="1" type="stmt"/>
        <line num="47" count="1" type="stmt"/>
        <line num="49" count="1" type="stmt"/>
        <line num="50" count="1" type="stmt"/>
        <line num="51" count="94581" type="stmt"/>
        <line num="53" count="94581" type="stmt"/>
        <line num="55" count="94581" type="cond" truecount="2" falsecount="0"/>
        <line num="56" count="41348" type="stmt"/>
        <line num="58" count="94581" type="stmt"/>
        <line num="61" count="94581" type="stmt"/>
        <line num="62" count="94581" type="stmt"/>
        <line num="64" count="94581" type="stmt"/>
        <line num="65" count="94581" type="stmt"/>
        <line num="67" count="94581" type="stmt"/>
        <line num="68" count="94581" type="stmt"/>
        <line num="70" count="94581" type="stmt"/>
        <line num="71" count="94581" type="stmt"/>
        <line num="73" count="94581" type="stmt"/>
        <line num="74" count="94581" type="stmt"/>
        <line num="77" count="1" type="stmt"/>
        <line num="78" count="1" type="stmt"/>
        <line num="79" count="1" type="stmt"/>
        <line num="80" count="1" type="stmt"/>
        <line num="81" count="308545" type="stmt"/>
        <line num="82" count="308545" type="cond" truecount="2" falsecount="0"/>
        <line num="83" count="94579" type="stmt"/>
        <line num="84" count="94579" type="stmt"/>
        <line num="85" count="94579" type="stmt"/>
        <line num="86" count="94579" type="stmt"/>
        <line num="88" count="308545" type="cond" truecount="2" falsecount="0"/>
        <line num="89" count="308545" type="stmt"/>
        <line num="90" count="308545" type="stmt"/>
        <line num="91" count="308545" type="stmt"/>
        <line num="94" count="1" type="stmt"/>
        <line num="95" count="94581" type="stmt"/>
        <line num="96" count="94581" type="stmt"/>
        <line num="97" count="94581" type="cond" truecount="6" falsecount="0"/>
        <line num="100" count="1" type="stmt"/>
        <line num="116" count="1" type="stmt"/>
      </file>
      <file name="trace-adapter.ts" path="/Users/shenchaoran/Workspace/tencent/dynamic-framework/devtools-debug-server/src/middlewares/ios/adapter/trace-adapter.ts">
        <metrics statements="78" coveredstatements="72" conditionals="47" coveredconditionals="34" methods="11" coveredmethods="11"/>
        <line num="10" count="1" type="stmt"/>
        <line num="11" count="1" type="stmt"/>
        <line num="13" count="1" type="stmt"/>
        <line num="62" count="1" type="stmt"/>
        <line num="63" count="1" type="stmt"/>
        <line num="65" count="1" type="stmt"/>
        <line num="67" count="34" type="stmt"/>
        <line num="77" count="7" type="stmt"/>
        <line num="79" count="7" type="cond" truecount="2" falsecount="0"/>
        <line num="80" count="3" type="cond" truecount="4" falsecount="2"/>
        <line num="82" count="10" type="stmt"/>
        <line num="84" count="3" type="stmt"/>
        <line num="85" count="4" type="stmt"/>
        <line num="86" count="4" type="stmt"/>
        <line num="87" count="4" type="cond" truecount="1" falsecount="1"/>
        <line num="88" count="4" type="cond" truecount="2" falsecount="0"/>
        <line num="89" count="1" type="stmt"/>
        <line num="91" count="3" type="stmt"/>
        <line num="94" count="0" type="stmt"/>
        <line num="97" count="0" type="stmt"/>
        <line num="104" count="17" type="cond" truecount="1" falsecount="1"/>
        <line num="105" count="17" type="stmt"/>
        <line num="109" count="17" type="stmt"/>
        <line num="114" count="17" type="stmt"/>
        <line num="115" count="17" type="stmt"/>
        <line num="116" count="10" type="stmt"/>
        <line num="118" count="17" type="stmt"/>
        <line num="119" count="17" type="stmt"/>
        <line num="126" count="20" type="stmt"/>
        <line num="129" count="1" type="stmt"/>
        <line num="130" count="1" type="stmt"/>
        <line num="136" count="1" type="stmt"/>
        <line num="137" count="1" type="stmt"/>
        <line num="140" count="1" type="stmt"/>
        <line num="141" count="8" type="cond" truecount="2" falsecount="0"/>
        <line num="142" count="7" type="stmt"/>
        <line num="144" count="7" type="cond" truecount="2" falsecount="0"/>
        <line num="145" count="6" type="stmt"/>
        <line num="146" count="6" type="stmt"/>
        <line num="147" count="1" type="cond" truecount="1" falsecount="1"/>
        <line num="149" count="0" type="stmt"/>
        <line num="152" count="1" type="stmt"/>
        <line num="153" count="1" type="stmt"/>
        <line num="156" count="1" type="stmt"/>
        <line num="158" count="8" type="stmt"/>
        <line num="160" count="1" type="stmt"/>
        <line num="161" count="1" type="stmt"/>
        <line num="162" count="7" type="stmt"/>
        <line num="163" count="7" type="cond" truecount="4" falsecount="2"/>
        <line num="165" count="1" type="stmt"/>
        <line num="173" count="8" type="stmt"/>
        <line num="174" count="17" type="stmt"/>
        <line num="175" count="17" type="stmt"/>
        <line num="183" count="17" type="stmt"/>
        <line num="184" count="17" type="cond" truecount="2" falsecount="0"/>
        <line num="185" count="17" type="stmt"/>
        <line num="187" count="8" type="stmt"/>
        <line num="195" count="1" type="stmt"/>
        <line num="196" count="1" type="stmt"/>
        <line num="198" count="1" type="stmt"/>
        <line num="199" count="1" type="stmt"/>
        <line num="201" count="1" type="cond" truecount="1" falsecount="1"/>
        <line num="202" count="1" type="cond" truecount="3" falsecount="1"/>
        <line num="203" count="1" type="stmt"/>
        <line num="204" count="1" type="stmt"/>
        <line num="206" count="0" type="stmt"/>
        <line num="212" count="1" type="cond" truecount="1" falsecount="1"/>
        <line num="213" count="0" type="stmt"/>
        <line num="215" count="1" type="stmt"/>
        <line num="217" count="1" type="stmt"/>
        <line num="219" count="1" type="cond" truecount="1" falsecount="1"/>
        <line num="221" count="1" type="stmt"/>
        <line num="222" count="1" type="cond" truecount="1" falsecount="1"/>
        <line num="224" count="1" type="stmt"/>
        <line num="225" count="1" type="cond" truecount="1" falsecount="1"/>
        <line num="226" count="1" type="stmt"/>
        <line num="227" count="1" type="stmt"/>
        <line num="229" count="0" type="stmt"/>
      </file>
    </package>
    <package name="src.utils">
      <metrics statements="18" coveredstatements="12" conditionals="3" coveredconditionals="1" methods="7" coveredmethods="2"/>
      <file name="log.ts" path="/Users/shenchaoran/Workspace/tencent/dynamic-framework/devtools-debug-server/src/utils/log.ts">
        <metrics statements="18" coveredstatements="12" conditionals="3" coveredconditionals="1" methods="7" coveredmethods="2"/>
        <line num="1" count="1" type="stmt"/>
        <line num="2" count="1" type="stmt"/>
        <line num="3" count="1" type="stmt"/>
        <line num="4" count="1" type="stmt"/>
        <line num="5" count="1" type="stmt"/>
        <line num="6" count="1" type="stmt"/>
        <line num="8" count="1" type="stmt"/>
        <line num="11" count="1" type="cond" truecount="0" falsecount="1"/>
        <line num="12" count="1" type="stmt"/>
        <line num="16" count="0" type="stmt"/>
        <line num="20" count="0" type="stmt"/>
        <line num="24" count="0" type="stmt"/>
        <line num="28" count="0" type="stmt"/>
        <line num="29" count="0" type="stmt"/>
        <line num="33" count="1" type="stmt"/>
        <line num="40" count="1" type="cond" truecount="1" falsecount="1"/>
        <line num="41" count="1" type="stmt"/>
        <line num="47" count="0" type="stmt"/>
      </file>
    </package>
  </project>
</coverage>
