{"/Users/shenchaoran/Workspace/tencent/dynamic-framework/devtools-debug-server/src/config.ts": {"path":"/Users/shenchaoran/Workspace/tencent/dynamic-framework/devtools-debug-server/src/config.ts","statementMap":{"0":{"start":{"line":1,"column":0},"end":{"line":1,"column":24}},"1":{"start":{"line":3,"column":13},"end":{"line":13,"column":2}}},"fnMap":{},"branchMap":{},"s":{"0":1,"1":1},"f":{},"b":{}}
,"/Users/shenchaoran/Workspace/tencent/dynamic-framework/devtools-debug-server/src/@types/enum.ts": {"path":"/Users/shenchaoran/Workspace/tencent/dynamic-framework/devtools-debug-server/src/@types/enum.ts","statementMap":{"0":{"start":{"line":19,"column":13},"end":{"line":26,"column":2}},"1":{"start":{"line":40,"column":0},"end":{"line":40,"column":null}},"2":{"start":{"line":41,"column":2},"end":{"line":41,"column":null}},"3":{"start":{"line":42,"column":2},"end":{"line":42,"column":null}},"4":{"start":{"line":43,"column":2},"end":{"line":43,"column":null}},"5":{"start":{"line":60,"column":0},"end":{"line":60,"column":null}},"6":{"start":{"line":61,"column":2},"end":{"line":61,"column":null}},"7":{"start":{"line":62,"column":2},"end":{"line":62,"column":null}},"8":{"start":{"line":63,"column":2},"end":{"line":63,"column":null}},"9":{"start":{"line":64,"column":2},"end":{"line":64,"column":null}},"10":{"start":{"line":67,"column":0},"end":{"line":67,"column":null}},"11":{"start":{"line":68,"column":2},"end":{"line":68,"column":null}},"12":{"start":{"line":69,"column":2},"end":{"line":69,"column":null}},"13":{"start":{"line":70,"column":2},"end":{"line":70,"column":null}},"14":{"start":{"line":71,"column":2},"end":{"line":71,"column":null}},"15":{"start":{"line":72,"column":2},"end":{"line":72,"column":null}},"16":{"start":{"line":75,"column":0},"end":{"line":75,"column":null}},"17":{"start":{"line":76,"column":2},"end":{"line":76,"column":null}},"18":{"start":{"line":77,"column":2},"end":{"line":77,"column":null}},"19":{"start":{"line":90,"column":0},"end":{"line":90,"column":null}},"20":{"start":{"line":91,"column":2},"end":{"line":91,"column":null}},"21":{"start":{"line":92,"column":2},"end":{"line":92,"column":null}},"22":{"start":{"line":95,"column":0},"end":{"line":95,"column":null}},"23":{"start":{"line":96,"column":2},"end":{"line":96,"column":null}},"24":{"start":{"line":97,"column":2},"end":{"line":97,"column":null}},"25":{"start":{"line":100,"column":0},"end":{"line":100,"column":null}},"26":{"start":{"line":101,"column":2},"end":{"line":101,"column":null}},"27":{"start":{"line":102,"column":2},"end":{"line":102,"column":null}},"28":{"start":{"line":103,"column":2},"end":{"line":103,"column":null}},"29":{"start":{"line":104,"column":2},"end":{"line":104,"column":null}},"30":{"start":{"line":105,"column":2},"end":{"line":105,"column":null}},"31":{"start":{"line":106,"column":2},"end":{"line":106,"column":null}},"32":{"start":{"line":107,"column":2},"end":{"line":107,"column":null}},"33":{"start":{"line":110,"column":0},"end":{"line":110,"column":null}},"34":{"start":{"line":111,"column":2},"end":{"line":111,"column":null}},"35":{"start":{"line":114,"column":0},"end":{"line":114,"column":null}},"36":{"start":{"line":115,"column":2},"end":{"line":115,"column":null}},"37":{"start":{"line":116,"column":2},"end":{"line":116,"column":null}},"38":{"start":{"line":117,"column":2},"end":{"line":117,"column":null}}},"fnMap":{"0":{"name":"(anonymous_0)","decl":{"start":{"line":40,"column":0},"end":{"line":40,"column":12}},"loc":{"start":{"line":40,"column":22},"end":{"line":44,"column":1}}},"1":{"name":"(anonymous_1)","decl":{"start":{"line":60,"column":0},"end":{"line":60,"column":12}},"loc":{"start":{"line":60,"column":14},"end":{"line":65,"column":1}}},"2":{"name":"(anonymous_2)","decl":{"start":{"line":67,"column":0},"end":{"line":67,"column":12}},"loc":{"start":{"line":67,"column":30},"end":{"line":73,"column":1}}},"3":{"name":"(anonymous_3)","decl":{"start":{"line":75,"column":0},"end":{"line":75,"column":12}},"loc":{"start":{"line":75,"column":26},"end":{"line":78,"column":1}}},"4":{"name":"(anonymous_4)","decl":{"start":{"line":90,"column":0},"end":{"line":90,"column":12}},"loc":{"start":{"line":90,"column":26},"end":{"line":93,"column":1}}},"5":{"name":"(anonymous_5)","decl":{"start":{"line":95,"column":0},"end":{"line":95,"column":12}},"loc":{"start":{"line":95,"column":18},"end":{"line":98,"column":1}}},"6":{"name":"(anonymous_6)","decl":{"start":{"line":100,"column":0},"end":{"line":100,"column":12}},"loc":{"start":{"line":100,"column":24},"end":{"line":108,"column":1}}},"7":{"name":"(anonymous_7)","decl":{"start":{"line":110,"column":0},"end":{"line":110,"column":12}},"loc":{"start":{"line":110,"column":32},"end":{"line":112,"column":1}}},"8":{"name":"(anonymous_8)","decl":{"start":{"line":114,"column":0},"end":{"line":114,"column":12}},"loc":{"start":{"line":114,"column":26},"end":{"line":118,"column":1}}}},"branchMap":{"0":{"loc":{"start":{"line":40,"column":12},"end":{"line":40,"column":22}},"type":"binary-expr","locations":[{"start":{"line":40,"column":12},"end":{"line":40,"column":22}},{"start":{"line":40,"column":12},"end":{"line":40,"column":null}}]},"1":{"loc":{"start":{"line":60,"column":12},"end":{"line":60,"column":14}},"type":"binary-expr","locations":[{"start":{"line":60,"column":12},"end":{"line":60,"column":14}},{"start":{"line":60,"column":12},"end":{"line":60,"column":null}}]},"2":{"loc":{"start":{"line":67,"column":12},"end":{"line":67,"column":30}},"type":"binary-expr","locations":[{"start":{"line":67,"column":12},"end":{"line":67,"column":30}},{"start":{"line":67,"column":12},"end":{"line":67,"column":null}}]},"3":{"loc":{"start":{"line":75,"column":12},"end":{"line":75,"column":26}},"type":"binary-expr","locations":[{"start":{"line":75,"column":12},"end":{"line":75,"column":26}},{"start":{"line":75,"column":12},"end":{"line":75,"column":null}}]},"4":{"loc":{"start":{"line":90,"column":12},"end":{"line":90,"column":26}},"type":"binary-expr","locations":[{"start":{"line":90,"column":12},"end":{"line":90,"column":26}},{"start":{"line":90,"column":12},"end":{"line":90,"column":null}}]},"5":{"loc":{"start":{"line":95,"column":12},"end":{"line":95,"column":18}},"type":"binary-expr","locations":[{"start":{"line":95,"column":12},"end":{"line":95,"column":18}},{"start":{"line":95,"column":12},"end":{"line":95,"column":null}}]},"6":{"loc":{"start":{"line":100,"column":12},"end":{"line":100,"column":24}},"type":"binary-expr","locations":[{"start":{"line":100,"column":12},"end":{"line":100,"column":24}},{"start":{"line":100,"column":12},"end":{"line":100,"column":null}}]},"7":{"loc":{"start":{"line":110,"column":12},"end":{"line":110,"column":32}},"type":"binary-expr","locations":[{"start":{"line":110,"column":12},"end":{"line":110,"column":32}},{"start":{"line":110,"column":12},"end":{"line":110,"column":null}}]},"8":{"loc":{"start":{"line":114,"column":12},"end":{"line":114,"column":26}},"type":"binary-expr","locations":[{"start":{"line":114,"column":12},"end":{"line":114,"column":26}},{"start":{"line":114,"column":12},"end":{"line":114,"column":null}}]}},"s":{"0":1,"1":1,"2":1,"3":1,"4":1,"5":1,"6":1,"7":1,"8":1,"9":1,"10":1,"11":1,"12":1,"13":1,"14":1,"15":1,"16":1,"17":1,"18":1,"19":1,"20":1,"21":1,"22":1,"23":1,"24":1,"25":1,"26":1,"27":1,"28":1,"29":1,"30":1,"31":1,"32":1,"33":1,"34":1,"35":1,"36":1,"37":1,"38":1},"f":{"0":1,"1":1,"2":1,"3":1,"4":1,"5":1,"6":1,"7":1,"8":1},"b":{"0":[1,1],"1":[1,1],"2":[1,1],"3":[1,1],"4":[1,1],"5":[1,1],"6":[1,1],"7":[1,1],"8":[1,1]}}
,"/Users/shenchaoran/Workspace/tencent/dynamic-framework/devtools-debug-server/src/middlewares/ios/adapter/heap-adapter.ts": {"path":"/Users/shenchaoran/Workspace/tencent/dynamic-framework/devtools-debug-server/src/middlewares/ios/adapter/heap-adapter.ts","statementMap":{"0":{"start":{"line":10,"column":23},"end":{"line":10,"column":24}},"1":{"start":{"line":11,"column":21},"end":{"line":11,"column":22}},"2":{"start":{"line":12,"column":23},"end":{"line":12,"column":24}},"3":{"start":{"line":13,"column":28},"end":{"line":13,"column":29}},"4":{"start":{"line":14,"column":24},"end":{"line":14,"column":25}},"5":{"start":{"line":15,"column":28},"end":{"line":15,"column":29}},"6":{"start":{"line":16,"column":24},"end":{"line":16,"column":25}},"7":{"start":{"line":17,"column":28},"end":{"line":17,"column":29}},"8":{"start":{"line":18,"column":28},"end":{"line":18,"column":29}},"9":{"start":{"line":22,"column":23},"end":{"line":22,"column":29}},"10":{"start":{"line":24,"column":23},"end":{"line":24,"column":24}},"11":{"start":{"line":25,"column":25},"end":{"line":25,"column":26}},"12":{"start":{"line":26,"column":23},"end":{"line":26,"column":24}},"13":{"start":{"line":27,"column":23},"end":{"line":27,"column":24}},"14":{"start":{"line":28,"column":23},"end":{"line":28,"column":24}},"15":{"start":{"line":29,"column":20},"end":{"line":34,"column":2}},"16":{"start":{"line":36,"column":25},"end":{"line":36,"column":26}},"17":{"start":{"line":41,"column":56},"end":{"line":41,"column":60}},"18":{"start":{"line":42,"column":22},"end":{"line":42,"column":51}},"19":{"start":{"line":43,"column":22},"end":{"line":43,"column":51}},"20":{"start":{"line":44,"column":20},"end":{"line":44,"column":67}},"21":{"start":{"line":45,"column":20},"end":{"line":45,"column":22}},"22":{"start":{"line":47,"column":26},"end":{"line":47,"column":35}},"23":{"start":{"line":49,"column":22},"end":{"line":49,"column":23}},"24":{"start":{"line":50,"column":4},"end":{"line":75,"column":null}},"25":{"start":{"line":50,"column":28},"end":{"line":50,"column":29}},"26":{"start":{"line":51,"column":20},"end":{"line":51,"column":57}},"27":{"start":{"line":53,"column":27},"end":{"line":53,"column":53}},"28":{"start":{"line":55,"column":6},"end":{"line":56,"column":38}},"29":{"start":{"line":55,"column":24},"end":{"line":55,"column":51}},"30":{"start":{"line":56,"column":11},"end":{"line":56,"column":38}},"31":{"start":{"line":58,"column":6},"end":{"line":58,"column":58}},"32":{"start":{"line":61,"column":6},"end":{"line":61,"column":34}},"33":{"start":{"line":62,"column":6},"end":{"line":62,"column":23}},"34":{"start":{"line":64,"column":6},"end":{"line":64,"column":71}},"35":{"start":{"line":65,"column":6},"end":{"line":65,"column":23}},"36":{"start":{"line":67,"column":6},"end":{"line":67,"column":64}},"37":{"start":{"line":68,"column":6},"end":{"line":68,"column":23}},"38":{"start":{"line":70,"column":6},"end":{"line":70,"column":66}},"39":{"start":{"line":71,"column":6},"end":{"line":71,"column":23}},"40":{"start":{"line":73,"column":6},"end":{"line":73,"column":45}},"41":{"start":{"line":74,"column":6},"end":{"line":74,"column":23}},"42":{"start":{"line":77,"column":26},"end":{"line":77,"column":35}},"43":{"start":{"line":78,"column":21},"end":{"line":78,"column":44}},"44":{"start":{"line":79,"column":24},"end":{"line":79,"column":25}},"45":{"start":{"line":80,"column":4},"end":{"line":92,"column":null}},"46":{"start":{"line":80,"column":25},"end":{"line":80,"column":26}},"47":{"start":{"line":81,"column":21},"end":{"line":81,"column":56}},"48":{"start":{"line":82,"column":6},"end":{"line":87,"column":null}},"49":{"start":{"line":83,"column":26},"end":{"line":83,"column":70}},"50":{"start":{"line":84,"column":8},"end":{"line":84,"column":81}},"51":{"start":{"line":85,"column":8},"end":{"line":85,"column":28}},"52":{"start":{"line":86,"column":8},"end":{"line":86,"column":34}},"53":{"start":{"line":88,"column":6},"end":{"line":88,"column":68}},"54":{"start":{"line":88,"column":38},"end":{"line":88,"column":68}},"55":{"start":{"line":89,"column":23},"end":{"line":89,"column":69}},"56":{"start":{"line":90,"column":26},"end":{"line":90,"column":78}},"57":{"start":{"line":91,"column":6},"end":{"line":91,"column":95}},"58":{"start":{"line":94,"column":4},"end":{"line":98,"column":null}},"59":{"start":{"line":94,"column":28},"end":{"line":94,"column":29}},"60":{"start":{"line":95,"column":21},"end":{"line":95,"column":55}},"61":{"start":{"line":96,"column":20},"end":{"line":96,"column":45}},"62":{"start":{"line":97,"column":6},"end":{"line":97,"column":48}},"63":{"start":{"line":97,"column":25},"end":{"line":97,"column":48}},"64":{"start":{"line":100,"column":4},"end":{"line":111,"column":null}},"65":{"start":{"line":116,"column":4},"end":{"line":159,"column":6}},"66":{"start":{"line":39,"column":0},"end":{"line":39,"column":21}}},"fnMap":{"0":{"name":"(anonymous_0)","decl":{"start":{"line":40,"column":9},"end":{"line":40,"column":15}},"loc":{"start":{"line":40,"column":44},"end":{"line":113,"column":3}}},"1":{"name":"(anonymous_1)","decl":{"start":{"line":115,"column":10},"end":{"line":115,"column":16}},"loc":{"start":{"line":115,"column":51},"end":{"line":160,"column":3}}}},"branchMap":{"0":{"loc":{"start":{"line":55,"column":6},"end":{"line":56,"column":38}},"type":"if","locations":[{"start":{"line":55,"column":6},"end":{"line":56,"column":38}},{"start":{"line":55,"column":6},"end":{"line":56,"column":38}}]},"1":{"loc":{"start":{"line":82,"column":6},"end":{"line":87,"column":null}},"type":"if","locations":[{"start":{"line":82,"column":6},"end":{"line":87,"column":null}},{"start":{"line":82,"column":6},"end":{"line":87,"column":null}}]},"2":{"loc":{"start":{"line":88,"column":6},"end":{"line":88,"column":68}},"type":"if","locations":[{"start":{"line":88,"column":6},"end":{"line":88,"column":68}},{"start":{"line":88,"column":6},"end":{"line":88,"column":68}}]},"3":{"loc":{"start":{"line":97,"column":6},"end":{"line":97,"column":48}},"type":"if","locations":[{"start":{"line":97,"column":6},"end":{"line":97,"column":48}},{"start":{"line":97,"column":6},"end":{"line":97,"column":48}}]},"4":{"loc":{"start":{"line":97,"column":15},"end":{"line":97,"column":17}},"type":"cond-expr","locations":[{"start":{"line":97,"column":15},"end":{"line":97,"column":17}},{"start":{"line":97,"column":10},"end":{"line":97,"column":23}}]},"5":{"loc":{"start":{"line":97,"column":10},"end":{"line":97,"column":17}},"type":"binary-expr","locations":[{"start":{"line":97,"column":10},"end":{"line":97,"column":17}},{"start":{"line":97,"column":10},"end":{"line":97,"column":17}}]}},"s":{"0":1,"1":1,"2":1,"3":1,"4":1,"5":1,"6":1,"7":1,"8":1,"9":1,"10":1,"11":1,"12":1,"13":1,"14":1,"15":1,"16":1,"17":1,"18":1,"19":1,"20":1,"21":1,"22":1,"23":1,"24":1,"25":1,"26":94581,"27":94581,"28":94581,"29":53233,"30":41348,"31":94581,"32":94581,"33":94581,"34":94581,"35":94581,"36":94581,"37":94581,"38":94581,"39":94581,"40":94581,"41":94581,"42":1,"43":1,"44":1,"45":1,"46":1,"47":308545,"48":308545,"49":94579,"50":94579,"51":94579,"52":94579,"53":308545,"54":94580,"55":308545,"56":308545,"57":308545,"58":1,"59":1,"60":94581,"61":94581,"62":94581,"63":94580,"64":1,"65":1,"66":1},"f":{"0":1,"1":1},"b":{"0":[53233,41348],"1":[94579,213966],"2":[94580,213965],"3":[94580,1],"4":[1,94580],"5":[94581,94581]}}
,"/Users/shenchaoran/Workspace/tencent/dynamic-framework/devtools-debug-server/src/middlewares/ios/adapter/trace-adapter.ts": {"path":"/Users/shenchaoran/Workspace/tencent/dynamic-framework/devtools-debug-server/src/middlewares/ios/adapter/trace-adapter.ts","statementMap":{"0":{"start":{"line":10,"column":0},"end":{"line":10,"column":35}},"1":{"start":{"line":11,"column":0},"end":{"line":11,"column":37}},"2":{"start":{"line":13,"column":12},"end":{"line":13,"column":39}},"3":{"start":{"line":62,"column":23},"end":{"line":62,"column":28}},"4":{"start":{"line":63,"column":18},"end":{"line":63,"column":25}},"5":{"start":{"line":129,"column":10},"end":{"line":129,"column":31}},"6":{"start":{"line":130,"column":10},"end":{"line":130,"column":54}},"7":{"start":{"line":67,"column":4},"end":{"line":73,"column":6}},"8":{"start":{"line":77,"column":16},"end":{"line":77,"column":44}},"9":{"start":{"line":79,"column":4},"end":{"line":79,"column":81}},"10":{"start":{"line":79,"column":70},"end":{"line":79,"column":81}},"11":{"start":{"line":80,"column":4},"end":{"line":80,"column":44}},"12":{"start":{"line":80,"column":33},"end":{"line":80,"column":44}},"13":{"start":{"line":82,"column":24},"end":{"line":82,"column":118}},"14":{"start":{"line":82,"column":44},"end":{"line":82,"column":118}},"15":{"start":{"line":82,"column":90},"end":{"line":82,"column":117}},"16":{"start":{"line":84,"column":4},"end":{"line":96,"column":null}},"17":{"start":{"line":84,"column":17},"end":{"line":84,"column":20}},"18":{"start":{"line":84,"column":26},"end":{"line":84,"column":58}},"19":{"start":{"line":85,"column":20},"end":{"line":85,"column":40}},"20":{"start":{"line":86,"column":29},"end":{"line":86,"column":53}},"21":{"start":{"line":87,"column":6},"end":{"line":95,"column":null}},"22":{"start":{"line":88,"column":8},"end":{"line":92,"column":null}},"23":{"start":{"line":89,"column":10},"end":{"line":89,"column":19}},"24":{"start":{"line":91,"column":10},"end":{"line":91,"column":19}},"25":{"start":{"line":94,"column":8},"end":{"line":94,"column":17}},"26":{"start":{"line":97,"column":4},"end":{"line":97,"column":14}},"27":{"start":{"line":104,"column":4},"end":{"line":104,"column":25}},"28":{"start":{"line":104,"column":15},"end":{"line":104,"column":25}},"29":{"start":{"line":105,"column":23},"end":{"line":108,"column":6}},"30":{"start":{"line":109,"column":21},"end":{"line":112,"column":6}},"31":{"start":{"line":114,"column":4},"end":{"line":114,"column":30}},"32":{"start":{"line":115,"column":4},"end":{"line":117,"column":null}},"33":{"start":{"line":116,"column":6},"end":{"line":116,"column":40}},"34":{"start":{"line":118,"column":4},"end":{"line":118,"column":28}},"35":{"start":{"line":119,"column":4},"end":{"line":119,"column":20}},"36":{"start":{"line":126,"column":4},"end":{"line":126,"column":67}},"37":{"start":{"line":136,"column":19},"end":{"line":136,"column":43}},"38":{"start":{"line":137,"column":33},"end":{"line":137,"column":35}},"39":{"start":{"line":140,"column":4},"end":{"line":159,"column":null}},"40":{"start":{"line":141,"column":6},"end":{"line":157,"column":null}},"41":{"start":{"line":142,"column":20},"end":{"line":142,"column":62}},"42":{"start":{"line":144,"column":8},"end":{"line":154,"column":null}},"43":{"start":{"line":145,"column":10},"end":{"line":145,"column":31}},"44":{"start":{"line":146,"column":10},"end":{"line":146,"column":72}},"45":{"start":{"line":147,"column":15},"end":{"line":154,"column":null}},"46":{"start":{"line":149,"column":10},"end":{"line":149,"column":54}},"47":{"start":{"line":152,"column":10},"end":{"line":152,"column":51}},"48":{"start":{"line":153,"column":10},"end":{"line":153,"column":54}},"49":{"start":{"line":156,"column":8},"end":{"line":156,"column":70}},"50":{"start":{"line":158,"column":6},"end":{"line":158,"column":24}},"51":{"start":{"line":160,"column":4},"end":{"line":160,"column":25}},"52":{"start":{"line":161,"column":4},"end":{"line":164,"column":null}},"53":{"start":{"line":162,"column":23},"end":{"line":162,"column":45}},"54":{"start":{"line":163,"column":6},"end":{"line":163,"column":58}},"55":{"start":{"line":163,"column":28},"end":{"line":163,"column":58}},"56":{"start":{"line":165,"column":4},"end":{"line":165,"column":23}},"57":{"start":{"line":173,"column":4},"end":{"line":186,"column":null}},"58":{"start":{"line":174,"column":17},"end":{"line":174,"column":51}},"59":{"start":{"line":175,"column":23},"end":{"line":182,"column":8}},"60":{"start":{"line":183,"column":6},"end":{"line":183,"column":34}},"61":{"start":{"line":184,"column":6},"end":{"line":184,"column":41}},"62":{"start":{"line":184,"column":17},"end":{"line":184,"column":41}},"63":{"start":{"line":185,"column":6},"end":{"line":185,"column":23}},"64":{"start":{"line":187,"column":4},"end":{"line":187,"column":17}},"65":{"start":{"line":195,"column":19},"end":{"line":195,"column":54}},"66":{"start":{"line":196,"column":20},"end":{"line":196,"column":59}},"67":{"start":{"line":198,"column":28},"end":{"line":198,"column":95}},"68":{"start":{"line":199,"column":24},"end":{"line":199,"column":62}},"69":{"start":{"line":201,"column":4},"end":{"line":201,"column":106}},"70":{"start":{"line":201,"column":21},"end":{"line":201,"column":106}},"71":{"start":{"line":202,"column":4},"end":{"line":207,"column":null}},"72":{"start":{"line":203,"column":6},"end":{"line":203,"column":34}},"73":{"start":{"line":204,"column":6},"end":{"line":204,"column":40}},"74":{"start":{"line":206,"column":6},"end":{"line":206,"column":42}},"75":{"start":{"line":212,"column":4},"end":{"line":216,"column":null}},"76":{"start":{"line":213,"column":6},"end":{"line":213,"column":26}},"77":{"start":{"line":215,"column":6},"end":{"line":215,"column":92}},"78":{"start":{"line":217,"column":24},"end":{"line":217,"column":62}},"79":{"start":{"line":219,"column":4},"end":{"line":219,"column":106}},"80":{"start":{"line":219,"column":21},"end":{"line":219,"column":106}},"81":{"start":{"line":221,"column":4},"end":{"line":231,"column":null}},"82":{"start":{"line":221,"column":17},"end":{"line":221,"column":32}},"83":{"start":{"line":222,"column":6},"end":{"line":222,"column":29}},"84":{"start":{"line":222,"column":23},"end":{"line":222,"column":29}},"85":{"start":{"line":224,"column":17},"end":{"line":224,"column":87}},"86":{"start":{"line":225,"column":6},"end":{"line":230,"column":null}},"87":{"start":{"line":226,"column":8},"end":{"line":226,"column":60}},"88":{"start":{"line":227,"column":8},"end":{"line":227,"column":39}},"89":{"start":{"line":229,"column":8},"end":{"line":229,"column":80}},"90":{"start":{"line":65,"column":0},"end":{"line":65,"column":21}}},"fnMap":{"0":{"name":"(anonymous_0)","decl":{"start":{"line":65,"column":0},"end":{"line":65,"column":21}},"loc":{"start":{"line":65,"column":0},"end":{"line":233,"column":1}}},"1":{"name":"(anonymous_1)","decl":{"start":{"line":66,"column":10},"end":{"line":66,"column":16}},"loc":{"start":{"line":66,"column":79},"end":{"line":74,"column":3}}},"2":{"name":"(anonymous_2)","decl":{"start":{"line":76,"column":10},"end":{"line":76,"column":16}},"loc":{"start":{"line":76,"column":65},"end":{"line":98,"column":3}}},"3":{"name":"(anonymous_3)","decl":{"start":{"line":82,"column":24},"end":{"line":82,"column":25}},"loc":{"start":{"line":82,"column":44},"end":{"line":82,"column":118}}},"4":{"name":"(anonymous_4)","decl":{"start":{"line":82,"column":81},"end":{"line":82,"column":82}},"loc":{"start":{"line":82,"column":90},"end":{"line":82,"column":117}}},"5":{"name":"(anonymous_5)","decl":{"start":{"line":103,"column":10},"end":{"line":103,"column":16}},"loc":{"start":{"line":103,"column":64},"end":{"line":120,"column":3}}},"6":{"name":"(anonymous_6)","decl":{"start":{"line":125,"column":10},"end":{"line":125,"column":16}},"loc":{"start":{"line":125,"column":37},"end":{"line":127,"column":3}}},"7":{"name":"(anonymous_7)","decl":{"start":{"line":135,"column":9},"end":{"line":135,"column":15}},"loc":{"start":{"line":135,"column":30},"end":{"line":166,"column":3}}},"8":{"name":"(anonymous_8)","decl":{"start":{"line":171,"column":10},"end":{"line":171,"column":19}},"loc":{"start":{"line":171,"column":50},"end":{"line":188,"column":3}}},"9":{"name":"(anonymous_9)","decl":{"start":{"line":194,"column":10},"end":{"line":194,"column":22}},"loc":{"start":{"line":194,"column":72},"end":{"line":208,"column":3}}},"10":{"name":"(anonymous_10)","decl":{"start":{"line":210,"column":10},"end":{"line":210,"column":25}},"loc":{"start":{"line":210,"column":75},"end":{"line":232,"column":3}}}},"branchMap":{"0":{"loc":{"start":{"line":68,"column":12},"end":{"line":68,"column":22}},"type":"binary-expr","locations":[{"start":{"line":68,"column":12},"end":{"line":68,"column":22}},{"start":{"line":68,"column":26},"end":{"line":68,"column":35}}]},"1":{"loc":{"start":{"line":79,"column":4},"end":{"line":79,"column":81}},"type":"if","locations":[{"start":{"line":79,"column":4},"end":{"line":79,"column":81}},{"start":{"line":79,"column":4},"end":{"line":79,"column":81}}]},"2":{"loc":{"start":{"line":80,"column":4},"end":{"line":80,"column":44}},"type":"if","locations":[{"start":{"line":80,"column":4},"end":{"line":80,"column":44}},{"start":{"line":80,"column":4},"end":{"line":80,"column":44}}]},"3":{"loc":{"start":{"line":80,"column":18},"end":{"line":80,"column":20}},"type":"cond-expr","locations":[{"start":{"line":80,"column":18},"end":{"line":80,"column":20}},{"start":{"line":80,"column":9},"end":{"line":80,"column":31}}]},"4":{"loc":{"start":{"line":80,"column":9},"end":{"line":80,"column":20}},"type":"binary-expr","locations":[{"start":{"line":80,"column":9},"end":{"line":80,"column":20}},{"start":{"line":80,"column":9},"end":{"line":80,"column":20}}]},"5":{"loc":{"start":{"line":87,"column":6},"end":{"line":95,"column":null}},"type":"if","locations":[{"start":{"line":87,"column":6},"end":{"line":95,"column":null}},{"start":{"line":87,"column":6},"end":{"line":95,"column":null}}]},"6":{"loc":{"start":{"line":88,"column":8},"end":{"line":92,"column":null}},"type":"if","locations":[{"start":{"line":88,"column":8},"end":{"line":92,"column":null}},{"start":{"line":88,"column":8},"end":{"line":92,"column":null}}]},"7":{"loc":{"start":{"line":103,"column":62},"end":{"line":103,"column":64}},"type":"default-arg","locations":[{"start":{"line":103,"column":62},"end":{"line":103,"column":64}}]},"8":{"loc":{"start":{"line":104,"column":4},"end":{"line":104,"column":25}},"type":"if","locations":[{"start":{"line":104,"column":4},"end":{"line":104,"column":25}},{"start":{"line":104,"column":4},"end":{"line":104,"column":25}}]},"9":{"loc":{"start":{"line":141,"column":6},"end":{"line":157,"column":null}},"type":"if","locations":[{"start":{"line":141,"column":6},"end":{"line":157,"column":null}},{"start":{"line":141,"column":6},"end":{"line":157,"column":null}}]},"10":{"loc":{"start":{"line":144,"column":8},"end":{"line":154,"column":null}},"type":"if","locations":[{"start":{"line":144,"column":8},"end":{"line":154,"column":null}},{"start":{"line":144,"column":8},"end":{"line":154,"column":null}}]},"11":{"loc":{"start":{"line":147,"column":15},"end":{"line":154,"column":null}},"type":"if","locations":[{"start":{"line":147,"column":15},"end":{"line":154,"column":null}},{"start":{"line":147,"column":15},"end":{"line":154,"column":null}}]},"12":{"loc":{"start":{"line":163,"column":6},"end":{"line":163,"column":58}},"type":"if","locations":[{"start":{"line":163,"column":6},"end":{"line":163,"column":58}},{"start":{"line":163,"column":6},"end":{"line":163,"column":58}}]},"13":{"loc":{"start":{"line":163,"column":18},"end":{"line":163,"column":20}},"type":"cond-expr","locations":[{"start":{"line":163,"column":18},"end":{"line":163,"column":20}},{"start":{"line":163,"column":10},"end":{"line":163,"column":26}}]},"14":{"loc":{"start":{"line":163,"column":10},"end":{"line":163,"column":20}},"type":"binary-expr","locations":[{"start":{"line":163,"column":10},"end":{"line":163,"column":20}},{"start":{"line":163,"column":10},"end":{"line":163,"column":20}}]},"15":{"loc":{"start":{"line":178,"column":26},"end":{"line":178,"column":33}},"type":"cond-expr","locations":[{"start":{"line":178,"column":26},"end":{"line":178,"column":33}},{"start":{"line":178,"column":36},"end":{"line":178,"column":38}}]},"16":{"loc":{"start":{"line":184,"column":6},"end":{"line":184,"column":41}},"type":"if","locations":[{"start":{"line":184,"column":6},"end":{"line":184,"column":41}},{"start":{"line":184,"column":6},"end":{"line":184,"column":41}}]},"17":{"loc":{"start":{"line":201,"column":4},"end":{"line":201,"column":106}},"type":"if","locations":[{"start":{"line":201,"column":4},"end":{"line":201,"column":106}},{"start":{"line":201,"column":4},"end":{"line":201,"column":106}}]},"18":{"loc":{"start":{"line":202,"column":4},"end":{"line":207,"column":null}},"type":"if","locations":[{"start":{"line":202,"column":4},"end":{"line":207,"column":null}},{"start":{"line":202,"column":4},"end":{"line":207,"column":null}}]},"19":{"loc":{"start":{"line":202,"column":8},"end":{"line":202,"column":15}},"type":"binary-expr","locations":[{"start":{"line":202,"column":8},"end":{"line":202,"column":15}},{"start":{"line":202,"column":19},"end":{"line":202,"column":29}}]},"20":{"loc":{"start":{"line":212,"column":4},"end":{"line":216,"column":null}},"type":"if","locations":[{"start":{"line":212,"column":4},"end":{"line":216,"column":null}},{"start":{"line":212,"column":4},"end":{"line":216,"column":null}}]},"21":{"loc":{"start":{"line":219,"column":4},"end":{"line":219,"column":106}},"type":"if","locations":[{"start":{"line":219,"column":4},"end":{"line":219,"column":106}},{"start":{"line":219,"column":4},"end":{"line":219,"column":106}}]},"22":{"loc":{"start":{"line":222,"column":6},"end":{"line":222,"column":29}},"type":"if","locations":[{"start":{"line":222,"column":6},"end":{"line":222,"column":29}},{"start":{"line":222,"column":6},"end":{"line":222,"column":29}}]},"23":{"loc":{"start":{"line":225,"column":6},"end":{"line":230,"column":null}},"type":"if","locations":[{"start":{"line":225,"column":6},"end":{"line":230,"column":null}},{"start":{"line":225,"column":6},"end":{"line":230,"column":null}}]}},"s":{"0":1,"1":1,"2":1,"3":1,"4":1,"5":1,"6":1,"7":34,"8":7,"9":7,"10":4,"11":3,"12":0,"13":3,"14":4,"15":10,"16":3,"17":3,"18":3,"19":4,"20":4,"21":4,"22":4,"23":1,"24":3,"25":0,"26":0,"27":17,"28":0,"29":17,"30":17,"31":17,"32":17,"33":10,"34":17,"35":17,"36":20,"37":1,"38":1,"39":1,"40":8,"41":7,"42":7,"43":6,"44":6,"45":1,"46":0,"47":1,"48":1,"49":1,"50":8,"51":1,"52":1,"53":7,"54":7,"55":7,"56":1,"57":8,"58":17,"59":17,"60":17,"61":17,"62":9,"63":17,"64":8,"65":1,"66":1,"67":1,"68":1,"69":1,"70":1,"71":1,"72":1,"73":1,"74":0,"75":1,"76":0,"77":1,"78":1,"79":1,"80":1,"81":1,"82":1,"83":1,"84":0,"85":1,"86":1,"87":1,"88":1,"89":0,"90":1},"f":{"0":1,"1":34,"2":7,"3":4,"4":10,"5":17,"6":20,"7":1,"8":8,"9":1,"10":1},"b":{"0":[34,4],"1":[4,3],"2":[0,3],"3":[0,3],"4":[3,3],"5":[4,0],"6":[1,3],"7":[7],"8":[0,17],"9":[7,1],"10":[6,1],"11":[0,1],"12":[7,0],"13":[0,7],"14":[7,7],"15":[9,8],"16":[9,8],"17":[1,0],"18":[1,0],"19":[1,1],"20":[0,1],"21":[1,0],"22":[0,1],"23":[1,0]}}
,"/Users/shenchaoran/Workspace/tencent/dynamic-framework/devtools-debug-server/src/utils/log.ts": {"path":"/Users/shenchaoran/Workspace/tencent/dynamic-framework/devtools-debug-server/src/utils/log.ts","statementMap":{"0":{"start":{"line":1,"column":0},"end":{"line":1,"column":24}},"1":{"start":{"line":2,"column":0},"end":{"line":2,"column":24}},"2":{"start":{"line":3,"column":0},"end":{"line":3,"column":45}},"3":{"start":{"line":4,"column":0},"end":{"line":4,"column":84}},"4":{"start":{"line":5,"column":0},"end":{"line":5,"column":34}},"5":{"start":{"line":6,"column":0},"end":{"line":6,"column":35}},"6":{"start":{"line":11,"column":29},"end":{"line":11,"column":45}},"7":{"start":{"line":11,"column":57},"end":{"line":11,"column":71}},"8":{"start":{"line":12,"column":4},"end":{"line":12,"column":30}},"9":{"start":{"line":16,"column":4},"end":{"line":16,"column":30}},"10":{"start":{"line":20,"column":4},"end":{"line":20,"column":30}},"11":{"start":{"line":24,"column":4},"end":{"line":24,"column":31}},"12":{"start":{"line":28,"column":16},"end":{"line":28,"column":36}},"13":{"start":{"line":29,"column":4},"end":{"line":29,"column":40}},"14":{"start":{"line":33,"column":22},"end":{"line":39,"column":6}},"15":{"start":{"line":40,"column":18},"end":{"line":40,"column":82}},"16":{"start":{"line":41,"column":4},"end":{"line":50,"column":7}},"17":{"start":{"line":47,"column":64},"end":{"line":47,"column":107}},"18":{"start":{"line":8,"column":0},"end":{"line":8,"column":13}}},"fnMap":{"0":{"name":"(anonymous_0)","decl":{"start":{"line":11,"column":2},"end":{"line":11,"column":29}},"loc":{"start":{"line":11,"column":71},"end":{"line":13,"column":3}}},"1":{"name":"(anonymous_1)","decl":{"start":{"line":15,"column":9},"end":{"line":15,"column":13}},"loc":{"start":{"line":15,"column":21},"end":{"line":17,"column":3}}},"2":{"name":"(anonymous_2)","decl":{"start":{"line":19,"column":9},"end":{"line":19,"column":13}},"loc":{"start":{"line":19,"column":21},"end":{"line":21,"column":3}}},"3":{"name":"(anonymous_3)","decl":{"start":{"line":23,"column":9},"end":{"line":23,"column":14}},"loc":{"start":{"line":23,"column":22},"end":{"line":25,"column":3}}},"4":{"name":"(anonymous_4)","decl":{"start":{"line":27,"column":10},"end":{"line":27,"column":13}},"loc":{"start":{"line":27,"column":28},"end":{"line":30,"column":3}}},"5":{"name":"(anonymous_5)","decl":{"start":{"line":32,"column":10},"end":{"line":32,"column":28}},"loc":{"start":{"line":32,"column":28},"end":{"line":51,"column":3}}},"6":{"name":"(anonymous_6)","decl":{"start":{"line":47,"column":22},"end":{"line":47,"column":23}},"loc":{"start":{"line":47,"column":64},"end":{"line":47,"column":107}}}},"branchMap":{"0":{"loc":{"start":{"line":11,"column":45},"end":{"line":11,"column":47}},"type":"default-arg","locations":[{"start":{"line":11,"column":45},"end":{"line":11,"column":47}}]},"1":{"loc":{"start":{"line":40,"column":31},"end":{"line":40,"column":61}},"type":"cond-expr","locations":[{"start":{"line":40,"column":31},"end":{"line":40,"column":61}},{"start":{"line":40,"column":64},"end":{"line":40,"column":82}}]}},"s":{"0":1,"1":1,"2":1,"3":1,"4":1,"5":1,"6":1,"7":1,"8":1,"9":0,"10":0,"11":0,"12":0,"13":0,"14":1,"15":1,"16":1,"17":0,"18":1},"f":{"0":1,"1":0,"2":0,"3":0,"4":0,"5":1,"6":0},"b":{"0":[0],"1":[0,1]}}
}
