TN:
SF:src/config.ts
FNF:0
FNH:0
DA:1,1
DA:3,1
LF:2
LH:2
BRF:0
BRH:0
end_of_record
TN:
SF:src/@types/enum.ts
FN:40,(anonymous_0)
FN:60,(anonymous_1)
FN:67,(anonymous_2)
FN:75,(anonymous_3)
FN:90,(anonymous_4)
FN:95,(anonymous_5)
FN:100,(anonymous_6)
FN:110,(anonymous_7)
FN:114,(anonymous_8)
FNF:9
FNH:9
FNDA:1,(anonymous_0)
FNDA:1,(anonymous_1)
FNDA:1,(anonymous_2)
FNDA:1,(anonymous_3)
FNDA:1,(anonymous_4)
FNDA:1,(anonymous_5)
FNDA:1,(anonymous_6)
FNDA:1,(anonymous_7)
FNDA:1,(anonymous_8)
DA:19,1
DA:40,1
DA:41,1
DA:42,1
DA:43,1
DA:60,1
DA:61,1
DA:62,1
DA:63,1
DA:64,1
DA:67,1
DA:68,1
DA:69,1
DA:70,1
DA:71,1
DA:72,1
DA:75,1
DA:76,1
DA:77,1
DA:90,1
DA:91,1
DA:92,1
DA:95,1
DA:96,1
DA:97,1
DA:100,1
DA:101,1
DA:102,1
DA:103,1
DA:104,1
DA:105,1
DA:106,1
DA:107,1
DA:110,1
DA:111,1
DA:114,1
DA:115,1
DA:116,1
DA:117,1
LF:39
LH:39
BRDA:40,0,0,1
BRDA:40,0,1,1
BRDA:60,1,0,1
BRDA:60,1,1,1
BRDA:67,2,0,1
BRDA:67,2,1,1
BRDA:75,3,0,1
BRDA:75,3,1,1
BRDA:90,4,0,1
BRDA:90,4,1,1
BRDA:95,5,0,1
BRDA:95,5,1,1
BRDA:100,6,0,1
BRDA:100,6,1,1
BRDA:110,7,0,1
BRDA:110,7,1,1
BRDA:114,8,0,1
BRDA:114,8,1,1
BRF:18
BRH:18
end_of_record
TN:
SF:src/middlewares/ios/adapter/heap-adapter.ts
FN:40,(anonymous_0)
FN:115,(anonymous_1)
FNF:2
FNH:2
FNDA:1,(anonymous_0)
FNDA:1,(anonymous_1)
DA:10,1
DA:11,1
DA:12,1
DA:13,1
DA:14,1
DA:15,1
DA:16,1
DA:17,1
DA:18,1
DA:22,1
DA:24,1
DA:25,1
DA:26,1
DA:27,1
DA:28,1
DA:29,1
DA:36,1
DA:39,1
DA:41,1
DA:42,1
DA:43,1
DA:44,1
DA:45,1
DA:47,1
DA:49,1
DA:50,1
DA:51,94581
DA:53,94581
DA:55,94581
DA:56,41348
DA:58,94581
DA:61,94581
DA:62,94581
DA:64,94581
DA:65,94581
DA:67,94581
DA:68,94581
DA:70,94581
DA:71,94581
DA:73,94581
DA:74,94581
DA:77,1
DA:78,1
DA:79,1
DA:80,1
DA:81,308545
DA:82,308545
DA:83,94579
DA:84,94579
DA:85,94579
DA:86,94579
DA:88,308545
DA:89,308545
DA:90,308545
DA:91,308545
DA:94,1
DA:95,94581
DA:96,94581
DA:97,94581
DA:100,1
DA:116,1
LF:61
LH:61
BRDA:55,0,0,53233
BRDA:55,0,1,41348
BRDA:82,1,0,94579
BRDA:82,1,1,213966
BRDA:88,2,0,94580
BRDA:88,2,1,213965
BRDA:97,3,0,94580
BRDA:97,3,1,1
BRDA:97,4,0,1
BRDA:97,4,1,94580
BRDA:97,5,0,94581
BRDA:97,5,1,94581
BRF:12
BRH:12
end_of_record
TN:
SF:src/middlewares/ios/adapter/trace-adapter.ts
FN:65,(anonymous_0)
FN:66,(anonymous_1)
FN:76,(anonymous_2)
FN:82,(anonymous_3)
FN:82,(anonymous_4)
FN:103,(anonymous_5)
FN:125,(anonymous_6)
FN:135,(anonymous_7)
FN:171,(anonymous_8)
FN:194,(anonymous_9)
FN:210,(anonymous_10)
FNF:11
FNH:11
FNDA:1,(anonymous_0)
FNDA:34,(anonymous_1)
FNDA:7,(anonymous_2)
FNDA:4,(anonymous_3)
FNDA:10,(anonymous_4)
FNDA:17,(anonymous_5)
FNDA:20,(anonymous_6)
FNDA:1,(anonymous_7)
FNDA:8,(anonymous_8)
FNDA:1,(anonymous_9)
FNDA:1,(anonymous_10)
DA:10,1
DA:11,1
DA:13,1
DA:62,1
DA:63,1
DA:65,1
DA:67,34
DA:77,7
DA:79,7
DA:80,3
DA:82,10
DA:84,3
DA:85,4
DA:86,4
DA:87,4
DA:88,4
DA:89,1
DA:91,3
DA:94,0
DA:97,0
DA:104,17
DA:105,17
DA:109,17
DA:114,17
DA:115,17
DA:116,10
DA:118,17
DA:119,17
DA:126,20
DA:129,1
DA:130,1
DA:136,1
DA:137,1
DA:140,1
DA:141,8
DA:142,7
DA:144,7
DA:145,6
DA:146,6
DA:147,1
DA:149,0
DA:152,1
DA:153,1
DA:156,1
DA:158,8
DA:160,1
DA:161,1
DA:162,7
DA:163,7
DA:165,1
DA:173,8
DA:174,17
DA:175,17
DA:183,17
DA:184,17
DA:185,17
DA:187,8
DA:195,1
DA:196,1
DA:198,1
DA:199,1
DA:201,1
DA:202,1
DA:203,1
DA:204,1
DA:206,0
DA:212,1
DA:213,0
DA:215,1
DA:217,1
DA:219,1
DA:221,1
DA:222,1
DA:224,1
DA:225,1
DA:226,1
DA:227,1
DA:229,0
LF:78
LH:72
BRDA:68,0,0,34
BRDA:68,0,1,4
BRDA:79,1,0,4
BRDA:79,1,1,3
BRDA:80,2,0,0
BRDA:80,2,1,3
BRDA:80,3,0,0
BRDA:80,3,1,3
BRDA:80,4,0,3
BRDA:80,4,1,3
BRDA:87,5,0,4
BRDA:87,5,1,0
BRDA:88,6,0,1
BRDA:88,6,1,3
BRDA:103,7,0,7
BRDA:104,8,0,0
BRDA:104,8,1,17
BRDA:141,9,0,7
BRDA:141,9,1,1
BRDA:144,10,0,6
BRDA:144,10,1,1
BRDA:147,11,0,0
BRDA:147,11,1,1
BRDA:163,12,0,7
BRDA:163,12,1,0
BRDA:163,13,0,0
BRDA:163,13,1,7
BRDA:163,14,0,7
BRDA:163,14,1,7
BRDA:178,15,0,9
BRDA:178,15,1,8
BRDA:184,16,0,9
BRDA:184,16,1,8
BRDA:201,17,0,1
BRDA:201,17,1,0
BRDA:202,18,0,1
BRDA:202,18,1,0
BRDA:202,19,0,1
BRDA:202,19,1,1
BRDA:212,20,0,0
BRDA:212,20,1,1
BRDA:219,21,0,1
BRDA:219,21,1,0
BRDA:222,22,0,0
BRDA:222,22,1,1
BRDA:225,23,0,1
BRDA:225,23,1,0
BRF:47
BRH:34
end_of_record
TN:
SF:src/utils/log.ts
FN:11,(anonymous_0)
FN:15,(anonymous_1)
FN:19,(anonymous_2)
FN:23,(anonymous_3)
FN:27,(anonymous_4)
FN:32,(anonymous_5)
FN:47,(anonymous_6)
FNF:7
FNH:2
FNDA:1,(anonymous_0)
FNDA:0,(anonymous_1)
FNDA:0,(anonymous_2)
FNDA:0,(anonymous_3)
FNDA:0,(anonymous_4)
FNDA:1,(anonymous_5)
FNDA:0,(anonymous_6)
DA:1,1
DA:2,1
DA:3,1
DA:4,1
DA:5,1
DA:6,1
DA:8,1
DA:11,1
DA:12,1
DA:16,0
DA:20,0
DA:24,0
DA:28,0
DA:29,0
DA:33,1
DA:40,1
DA:41,1
DA:47,0
LF:18
LH:12
BRDA:11,0,0,0
BRDA:40,1,0,0
BRDA:40,1,1,1
BRF:3
BRH:1
end_of_record
